<?xml version="1.0" encoding="UTF-8" ?>
<testsuite failures="0" time="22.187" errors="1" skipped="0" tests="2" name="demo.helloworld.AppTest">
  <properties>
    <property name="java.vendor" value="Sun Microsystems Inc."/>
    <property name="localRepository" value="C:/m2/repo"/>
    <property name="sun.java.launcher" value="SUN_STANDARD"/>
    <property name="sun.management.compiler" value="HotSpot Client Compiler"/>
    <property name="env.PROMPT" value="$P$G"/>
    <property name="os.name" value="Windows XP"/>
    <property name="env.FP_NO_HOST_CHECK" value="NO"/>
    <property name="sun.boot.class.path" value="C:\Program Files\Java\jdk1.6.0_12\jre\lib\resources.jar;C:\Program Files\Java\jdk1.6.0_12\jre\lib\rt.jar;C:\Program Files\Java\jdk1.6.0_12\jre\lib\sunrsasign.jar;C:\Program Files\Java\jdk1.6.0_12\jre\lib\jsse.jar;C:\Program Files\Java\jdk1.6.0_12\jre\lib\jce.jar;C:\Program Files\Java\jdk1.6.0_12\jre\lib\charsets.jar;C:\Program Files\Java\jdk1.6.0_12\jre\classes"/>
    <property name="env.COMPUTERNAME" value="JD48158"/>
    <property name="env.ALLUSERSPROFILE" value="C:\Documents and Settings\All Users"/>
    <property name="sun.desktop" value="windows"/>
    <property name="java.vm.specification.vendor" value="Sun Microsystems Inc."/>
    <property name="java.runtime.version" value="1.6.0_12-b04"/>
    <property name="env.HOMEPATH" value="\"/>
    <property name="env.HOMESHARE" value="\\Justice\Data\Home\CBD\RoganDX"/>
    <property name="user.name" value="rogandx"/>
    <property name="env.LoginRun" value="Yes"/>
    <property name="user.language" value="en"/>
    <property name="sun.boot.library.path" value="C:\Program Files\Java\jdk1.6.0_12\jre\bin"/>
    <property name="classworlds.conf" value="C:\liftweb-1.0\apache-maven\bin\m2.conf"/>
    <property name="java.version" value="1.6.0_12"/>
    <property name="env.PROCESSOR_IDENTIFIER" value="x86 Family 6 Model 15 Stepping 2, GenuineIntel"/>
    <property name="user.timezone" value="Australia/Brisbane"/>
    <property name="env.TEMP" value="C:\DOCUME~1\rogandx\LOCALS~1\Temp"/>
    <property name="sun.arch.data.model" value="32"/>
    <property name="java.endorsed.dirs" value="C:\Program Files\Java\jdk1.6.0_12\jre\lib\endorsed"/>
    <property name="sun.cpu.isalist" value="pentium_pro+mmx pentium_pro pentium+mmx pentium i486 i386 i86"/>
    <property name="env.HOMEDRIVE" value="H:"/>
    <property name="sun.jnu.encoding" value="Cp1252"/>
    <property name="file.encoding.pkg" value="sun.io"/>
    <property name="file.separator" value="\"/>
    <property name="java.specification.name" value="Java Platform API Specification"/>
    <property name="java.class.version" value="50.0"/>
    <property name="user.country" value="AU"/>
    <property name="java.home" value="C:\Program Files\Java\jdk1.6.0_12\jre"/>
    <property name="env.APPDATA" value="C:\Documents and Settings\rogandx\Application Data"/>
    <property name="java.vm.info" value="mixed mode"/>
    <property name="env.ComSpec" value="C:\WINDOWS\system32\cmd.exe"/>
    <property name="env.OS" value="Windows_NT"/>
    <property name="env.CommonProgramFiles" value="C:\Program Files\Common Files"/>
    <property name="os.version" value="5.1"/>
    <property name="path.separator" value=";"/>
    <property name="java.vm.version" value="11.2-b01"/>
    <property name="user.variant" value=""/>
    <property name="env.USERPROFILE" value="C:\Documents and Settings\rogandx"/>
    <property name="env.JAVA_HOME" value="C:\Program Files\Java\jdk1.6.0_12"/>
    <property name="java.awt.printerjob" value="sun.awt.windows.WPrinterJob"/>
    <property name="env.TMP" value="C:\DOCUME~1\rogandx\LOCALS~1\Temp"/>
    <property name="sun.io.unicode.encoding" value="UnicodeLittle"/>
    <property name="awt.toolkit" value="sun.awt.windows.WToolkit"/>
    <property name="user.home" value="\\Justice\Data\Home\CBD\RoganDX"/>
    <property name="env.SESSIONNAME" value="Console"/>
    <property name="java.specification.vendor" value="Sun Microsystems Inc."/>
    <property name="env.M2_HOME" value="C:\liftweb-1.0\apache-maven"/>
    <property name="env.NUMBER_OF_PROCESSORS" value="2"/>
    <property name="java.library.path" value="C:\Program Files\Java\jdk1.6.0_12\bin;.;C:\WINDOWS\Sun\Java\bin;C:\WINDOWS\system32;C:\WINDOWS;C:\liftweb-1.0\bin;C:\liftweb-1.0/apache-maven/bin;C:\oraclexe\app\oracle\product\10.2.0\server\bin;C:\Program Files\Java\jdk1.6.0_12\bin;C:\oracle\ora92\jre\1.4.2\bin\client\;C:\oracle\ora92\jre\1.4.2\bin\;C:\oracle\ora92\bin\;C:\Program Files\Oracle\jre\1.1.8\bin\;C:\WINDOWS\system32;C:\WINDOWS;C:\WINDOWS\System32\Wbem;C:\Program Files\Sybase\Shared\PowerBuilder;C:\Program Files\Sybase\Shared\DataDirect;;C:\PROGRA~1\ABSOLU~1;C:\Program Files\TortoiseSVN\bin;C:\eclipse\eclipse-jee-ganymede-SR1-win32\eclipse\plugins\org.apache.ant_1.7.0.v200803061910\bin;C:\Program Files\GnuWin32\bin"/>
    <property name="java.vendor.url" value="http://java.sun.com/"/>
    <property name="env.USERDNSDOMAIN" value="JUSTICE.QLD.GOV.AU"/>
    <property name="env.MAVEN_CMD_LINE_ARGS" value="test"/>
    <property name="java.vm.vendor" value="Sun Microsystems Inc."/>
    <property name="maven.home" value="C:\liftweb-1.0\apache-maven"/>
    <property name="java.runtime.name" value="Java(TM) SE Runtime Environment"/>
    <property name="java.class.path" value="C:\liftweb-1.0\apache-maven\boot\classworlds-1.1.jar"/>
    <property name="env.MAVEN_JAVA_EXE" value="&quot;C:\Program Files\Java\jdk1.6.0_12\bin\java.exe&quot;"/>
    <property name="java.vm.specification.name" value="Java Virtual Machine Specification"/>
    <property name="env.LOGONSERVER" value="\\JDCADC4"/>
    <property name="env.windir" value="C:\WINDOWS"/>
    <property name="java.vm.specification.version" value="1.0"/>
    <property name="env.PROCESSOR_ARCHITECTURE" value="x86"/>
    <property name="sun.cpu.endian" value="little"/>
    <property name="sun.os.patch.level" value="Service Pack 2"/>
    <property name="env.HOME" value="H:\"/>
    <property name="env.ProgramFiles" value="C:\Program Files"/>
    <property name="env.ANT_HOME" value="C:\eclipse\eclipse-jee-ganymede-SR1-win32\eclipse\plugins\org.apache.ant_1.7.0.v200803061910"/>
    <property name="surefire.test.class.path" value="C:\dev\helloworld\target\test-classes;C:\dev\helloworld\target\classes;C:\m2\repo\org\scala-lang\scala-library\2.7.3\scala-library-2.7.3.jar;C:\m2\repo\net\liftweb\lift-util\1.0\lift-util-1.0.jar;C:\m2\repo\log4j\log4j\1.2.14\log4j-1.2.14.jar;C:\m2\repo\javax\mail\mail\1.4\mail-1.4.jar;C:\m2\repo\javax\activation\activation\1.1\activation-1.1.jar;C:\m2\repo\commons-httpclient\commons-httpclient\3.1\commons-httpclient-3.1.jar;C:\m2\repo\commons-logging\commons-logging\1.0.4\commons-logging-1.0.4.jar;C:\m2\repo\commons-codec\commons-codec\1.3\commons-codec-1.3.jar;C:\m2\repo\commons-fileupload\commons-fileupload\1.2.1\commons-fileupload-1.2.1.jar;C:\m2\repo\commons-collections\commons-collections\3.2.1\commons-collections-3.2.1.jar;C:\m2\repo\net\liftweb\lift-webkit\1.0\lift-webkit-1.0.jar;C:\m2\repo\net\liftweb\lift-mapper\1.0\lift-mapper-1.0.jar;C:\m2\repo\javax\servlet\servlet-api\2.5\servlet-api-2.5.jar;C:\m2\repo\junit\junit\4.5\junit-4.5.jar;C:\m2\repo\org\scala-lang\scala-compiler\2.7.3\scala-compiler-2.7.3.jar;C:\m2\repo\com\oracle\ojdbc\10.2.0.1.0\ojdbc-10.2.0.1.0.jar;C:\m2\repo\org\mortbay\jetty\jetty\6.1.16\jetty-6.1.16.jar;C:\m2\repo\org\mortbay\jetty\jetty-util\6.1.16\jetty-util-6.1.16.jar;C:\m2\repo\org\mortbay\jetty\servlet-api\2.5-20081211\servlet-api-2.5-20081211.jar;C:\m2\repo\org\mortbay\jetty\jetty-plus\6.1.16\jetty-plus-6.1.16.jar;C:\m2\repo\geronimo-spec\geronimo-spec-jta\1.0.1B-rc4\geronimo-spec-jta-1.0.1B-rc4.jar;C:\m2\repo\org\mortbay\jetty\jetty-naming\6.1.16\jetty-naming-6.1.16.jar;"/>
    <property name="java.io.tmpdir" value="C:\DOCUME~1\rogandx\LOCALS~1\Temp\"/>
    <property name="env.PROCESSOR_REVISION" value="0f02"/>
    <property name="java.vendor.url.bug" value="http://java.sun.com/cgi-bin/bugreport.cgi"/>
    <property name="env.MAVEN_OPTS" value="-Xdebug -Xrunjdwp:transport=dt_socket,address=4000,server=y,suspend=n"/>
    <property name="env.SystemRoot" value="C:\WINDOWS"/>
    <property name="java.awt.graphicsenv" value="sun.awt.Win32GraphicsEnvironment"/>
    <property name="os.arch" value="x86"/>
    <property name="java.ext.dirs" value="C:\Program Files\Java\jdk1.6.0_12\jre\lib\ext;C:\WINDOWS\Sun\Java\lib\ext"/>
    <property name="user.dir" value="C:\dev\helloworld"/>
    <property name="line.separator" value="
"/>
    <property name="java.vm.name" value="Java HotSpot(TM) Client VM"/>
    <property name="env.CLASSWORLDS_JAR" value="&quot;C:\liftweb-1.0\apache-maven\boot\classworlds-1.1.jar&quot;"/>
    <property name="env.PATHEXT" value=".COM;.EXE;.BAT;.CMD;.VBS;.VBE;.JS;.JSE;.WSF;.WSH"/>
    <property name="env.Path" value="C:\liftweb-1.0\bin;C:\liftweb-1.0/apache-maven/bin;C:\oraclexe\app\oracle\product\10.2.0\server\bin;C:\Program Files\Java\jdk1.6.0_12\bin;C:\oracle\ora92\jre\1.4.2\bin\client\;C:\oracle\ora92\jre\1.4.2\bin\;C:\oracle\ora92\bin\;C:\Program Files\Oracle\jre\1.1.8\bin\;C:\WINDOWS\system32;C:\WINDOWS;C:\WINDOWS\System32\Wbem;C:\Program Files\Sybase\Shared\PowerBuilder;C:\Program Files\Sybase\Shared\DataDirect;;C:\PROGRA~1\ABSOLU~1;C:\Program Files\TortoiseSVN\bin;C:\eclipse\eclipse-jee-ganymede-SR1-win32\eclipse\plugins\org.apache.ant_1.7.0.v200803061910\bin;C:\Program Files\GnuWin32\bin"/>
    <property name="basedir" value="C:\dev\helloworld"/>
    <property name="env.ERROR_CODE" value="0"/>
    <property name="env.M2" value="C:\liftweb-1.0\apache-maven\bin"/>
    <property name="env.USERNAME" value="rogandx"/>
    <property name="env.SystemDrive" value="C:"/>
    <property name="file.encoding" value="Cp1252"/>
    <property name="env.USERDOMAIN" value="JUSTICE"/>
    <property name="java.specification.version" value="1.6"/>
    <property name="env.PROCESSOR_LEVEL" value="6"/>
  </properties>
  <testcase time="22.156" classname="demo.helloworld.AppTest" name="testXml">
    <error message="Connection timed out: connect" type="java.net.ConnectException">java.net.ConnectException: Connection timed out: connect
	at java.net.PlainSocketImpl.socketConnect(Native Method)
	at java.net.PlainSocketImpl.doConnect(PlainSocketImpl.java:333)
	at java.net.PlainSocketImpl.connectToAddress(PlainSocketImpl.java:195)
	at java.net.PlainSocketImpl.connect(PlainSocketImpl.java:182)
	at java.net.SocksSocketImpl.connect(SocksSocketImpl.java:366)
	at java.net.Socket.connect(Socket.java:519)
	at java.net.Socket.connect(Socket.java:469)
	at sun.net.NetworkClient.doConnect(NetworkClient.java:163)
	at sun.net.www.http.HttpClient.openServer(HttpClient.java:394)
	at sun.net.www.http.HttpClient.openServer(HttpClient.java:529)
	at sun.net.www.http.HttpClient.&lt;init&gt;(HttpClient.java:233)
	at sun.net.www.http.HttpClient.New(HttpClient.java:306)
	at sun.net.www.http.HttpClient.New(HttpClient.java:323)
	at sun.net.www.protocol.http.HttpURLConnection.getNewHttpClient(HttpURLConnection.java:837)
	at sun.net.www.protocol.http.HttpURLConnection.plainConnect(HttpURLConnection.java:778)
	at sun.net.www.protocol.http.HttpURLConnection.connect(HttpURLConnection.java:703)
	at sun.net.www.protocol.http.HttpURLConnection.getInputStream(HttpURLConnection.java:1026)
	at com.sun.org.apache.xerces.internal.impl.XMLEntityManager.setupCurrentEntity(XMLEntityManager.java:677)
	at com.sun.org.apache.xerces.internal.impl.XMLEntityManager.startEntity(XMLEntityManager.java:1315)
	at com.sun.org.apache.xerces.internal.impl.XMLEntityManager.startDTDEntity(XMLEntityManager.java:1282)
	at com.sun.org.apache.xerces.internal.impl.XMLDTDScannerImpl.setInputSource(XMLDTDScannerImpl.java:283)
	at com.sun.org.apache.xerces.internal.impl.XMLDocumentScannerImpl$DTDDriver.dispatch(XMLDocumentScannerImpl.java:1192)
	at com.sun.org.apache.xerces.internal.impl.XMLDocumentScannerImpl$DTDDriver.next(XMLDocumentScannerImpl.java:1089)
	at com.sun.org.apache.xerces.internal.impl.XMLDocumentScannerImpl$PrologDriver.next(XMLDocumentScannerImpl.java:1002)
	at com.sun.org.apache.xerces.internal.impl.XMLDocumentScannerImpl.next(XMLDocumentScannerImpl.java:648)
	at com.sun.org.apache.xerces.internal.impl.XMLDocumentFragmentScannerImpl.scanDocument(XMLDocumentFragmentScannerImpl.java:510)
	at com.sun.org.apache.xerces.internal.parsers.XML11Configuration.parse(XML11Configuration.java:807)
	at com.sun.org.apache.xerces.internal.parsers.XML11Configuration.parse(XML11Configuration.java:737)
	at com.sun.org.apache.xerces.internal.parsers.XMLParser.parse(XMLParser.java:107)
	at com.sun.org.apache.xerces.internal.parsers.AbstractSAXParser.parse(AbstractSAXParser.java:1205)
	at com.sun.org.apache.xerces.internal.jaxp.SAXParserImpl$JAXPSAXParser.parse(SAXParserImpl.java:522)
	at javax.xml.parsers.SAXParser.parse(SAXParser.java:395)
	at scala.xml.parsing.FactoryAdapter.loadXML(FactoryAdapter.scala:292)
	at scala.xml.parsing.NoBindingFactoryAdapter.loadXML(NoBindingFactoryAdapter.scala:60)
	at scala.xml.XML$.loadFile(XML.scala:42)
	at demo.helloworld.AppTest.wellFormed$1(AppTest.scala:53)
	at demo.helloworld.AppTest$$anonfun$wellFormed$1$1.apply(AppTest.scala:49)
	at demo.helloworld.AppTest$$anonfun$wellFormed$1$1.apply(AppTest.scala:49)
	at scala.Iterator$class.foreach(Iterator.scala:414)
	at scala.runtime.BoxedArray$AnyIterator.foreach(BoxedArray.scala:45)
	at scala.Iterable$class.foreach(Iterable.scala:256)
	at scala.runtime.BoxedArray.foreach(BoxedArray.scala:24)
	at demo.helloworld.AppTest.wellFormed$1(AppTest.scala:49)
	at demo.helloworld.AppTest$$anonfun$wellFormed$1$1.apply(AppTest.scala:49)
	at demo.helloworld.AppTest$$anonfun$wellFormed$1$1.apply(AppTest.scala:49)
	at scala.Iterator$class.foreach(Iterator.scala:414)
	at scala.runtime.BoxedArray$AnyIterator.foreach(BoxedArray.scala:45)
	at scala.Iterable$class.foreach(Iterable.scala:256)
	at scala.runtime.BoxedArray.foreach(BoxedArray.scala:24)
	at demo.helloworld.AppTest.wellFormed$1(AppTest.scala:49)
	at demo.helloworld.AppTest.testXml(AppTest.scala:66)
	at sun.reflect.NativeMethodAccessorImpl.invoke0(Native Method)
	at sun.reflect.NativeMethodAccessorImpl.invoke(NativeMethodAccessorImpl.java:39)
	at sun.reflect.DelegatingMethodAccessorImpl.invoke(DelegatingMethodAccessorImpl.java:25)
	at java.lang.reflect.Method.invoke(Method.java:597)
	at junit.framework.TestCase.runTest(TestCase.java:168)
	at junit.framework.TestCase.runBare(TestCase.java:134)
	at junit.framework.TestResult$1.protect(TestResult.java:110)
	at junit.framework.TestResult.runProtected(TestResult.java:128)
	at junit.framework.TestResult.run(TestResult.java:113)
	at junit.framework.TestCase.run(TestCase.java:124)
	at junit.framework.TestSuite.runTest(TestSuite.java:232)
	at junit.framework.TestSuite.run(TestSuite.java:227)
	at org.junit.internal.runners.JUnit38ClassRunner.run(JUnit38ClassRunner.java:79)
	at org.apache.maven.surefire.junit4.JUnit4TestSet.execute(JUnit4TestSet.java:62)
	at org.apache.maven.surefire.suite.AbstractDirectoryTestSuite.executeTestSet(AbstractDirectoryTestSuite.java:140)
	at org.apache.maven.surefire.suite.AbstractDirectoryTestSuite.execute(AbstractDirectoryTestSuite.java:127)
	at org.apache.maven.surefire.Surefire.run(Surefire.java:177)
	at sun.reflect.NativeMethodAccessorImpl.invoke0(Native Method)
	at sun.reflect.NativeMethodAccessorImpl.invoke(NativeMethodAccessorImpl.java:39)
	at sun.reflect.DelegatingMethodAccessorImpl.invoke(DelegatingMethodAccessorImpl.java:25)
	at java.lang.reflect.Method.invoke(Method.java:597)
	at org.apache.maven.surefire.booter.SurefireBooter.runSuitesInProcess(SurefireBooter.java:338)
	at org.apache.maven.surefire.booter.SurefireBooter.main(SurefireBooter.java:997)
</error>
  </testcase>
  <testcase time="0" classname="demo.helloworld.AppTest" name="testOK"/>
</testsuite>